c:\users\triti\source\repos\project3\project3\debug\vc141.pdb
c:\users\triti\source\repos\project3\project3\debug\vc141.idb
c:\users\triti\source\repos\project3\project3\debug\state.obj
c:\users\triti\source\repos\project3\project3\debug\personnage.obj
c:\users\triti\source\repos\project3\project3\debug\mainmenustate.obj
c:\users\triti\source\repos\project3\project3\debug\main.obj
c:\users\triti\source\repos\project3\project3\debug\gamestate.obj
c:\users\triti\source\repos\project3\project3\debug\game.obj
c:\users\triti\source\repos\project3\project3\debug\fichepersonnage.obj
c:\users\triti\source\repos\project3\project3\debug\entity.obj
c:\users\triti\source\repos\project3\project3\debug\buttonreturn.obj
c:\users\triti\source\repos\project3\project3\debug\buttoningame.obj
c:\users\triti\source\repos\project3\project3\debug\buttoncharacter.obj
c:\users\triti\source\repos\project3\project3\debug\button.obj
c:\users\triti\source\repos\project3\project3\debug\box.obj
c:\users\triti\source\repos\project3\project3\debug\accueil.obj
c:\users\triti\source\repos\project3\project3\debug\buttonscenario.obj
c:\users\triti\source\repos\project3\project3\debug\scenario.obj
c:\users\triti\source\repos\project3\project3\debug\fight.obj
c:\users\triti\source\repos\project3\debug\project3.exe
c:\users\triti\source\repos\project3\debug\project3.ilk
c:\users\triti\source\repos\project3\debug\project3.pdb
c:\users\triti\source\repos\project3\project3\debug\project3.res
c:\users\triti\source\repos\project3\project3\debug\project3.tlog\cl.command.1.tlog
c:\users\triti\source\repos\project3\project3\debug\project3.tlog\cl.read.1.tlog
c:\users\triti\source\repos\project3\project3\debug\project3.tlog\cl.write.1.tlog
c:\users\triti\source\repos\project3\project3\debug\project3.tlog\link.command.1.tlog
c:\users\triti\source\repos\project3\project3\debug\project3.tlog\link.read.1.tlog
c:\users\triti\source\repos\project3\project3\debug\project3.tlog\link.write.1.tlog
c:\users\triti\source\repos\project3\project3\debug\project3.tlog\rc.command.1.tlog
c:\users\triti\source\repos\project3\project3\debug\project3.tlog\rc.read.1.tlog
c:\users\triti\source\repos\project3\project3\debug\project3.tlog\rc.write.1.tlog
