  Accueil.cpp
c:\users\nemukaito\source\repos\project3\project3\accueil.cpp(21): warning C4244: 'argument' : conversion de 'T' en 'float', perte possible de données
          with
          [
              T=unsigned int
          ]
c:\users\nemukaito\source\repos\project3\project3\accueil.cpp(20): warning C4244: 'argument' : conversion de 'T' en 'float', perte possible de données
          with
          [
              T=unsigned int
          ]
c:\users\nemukaito\source\repos\project3\project3\accueil.cpp(31): warning C4244: 'argument' : conversion de 'double' en 'float', perte possible de données
c:\users\nemukaito\source\repos\project3\project3\accueil.cpp(30): warning C4244: 'argument' : conversion de 'T' en 'float', perte possible de données
          with
          [
              T=unsigned int
          ]
c:\users\nemukaito\source\repos\project3\project3\accueil.cpp(44): warning C4244: 'argument' : conversion de 'T' en 'T', perte possible de données
          with
          [
              T=unsigned int
          ]
          and
          [
              T=float
          ]
c:\users\nemukaito\source\repos\project3\project3\accueil.cpp(43): warning C4244: 'argument' : conversion de 'T' en 'T', perte possible de données
          with
          [
              T=unsigned int
          ]
          and
          [
              T=float
          ]
  Button.cpp
  ButtonInGame.cpp
  Game.cpp
  main.cpp
  MainMenuState.cpp
c:\users\nemukaito\source\repos\project3\project3\mainmenustate.cpp(38): warning C4244: 'argument' : conversion de 'double' en 'float', perte possible de données
c:\users\nemukaito\source\repos\project3\project3\mainmenustate.cpp(37): warning C4244: 'argument' : conversion de 'double' en 'float', perte possible de données
c:\users\nemukaito\source\repos\project3\project3\mainmenustate.cpp(44): warning C4244: 'argument' : conversion de 'double' en 'float', perte possible de données
c:\users\nemukaito\source\repos\project3\project3\mainmenustate.cpp(43): warning C4244: 'argument' : conversion de 'double' en 'float', perte possible de données
c:\users\nemukaito\source\repos\project3\project3\mainmenustate.cpp(54): warning C4244: 'argument' : conversion de 'T' en 'T', perte possible de données
          with
          [
              T=unsigned int
          ]
          and
          [
              T=float
          ]
c:\users\nemukaito\source\repos\project3\project3\mainmenustate.cpp(53): warning C4244: 'argument' : conversion de 'T' en 'T', perte possible de données
          with
          [
              T=unsigned int
          ]
          and
          [
              T=float
          ]
  Personnage.cpp
  Génération de code en cours
  525 of 826 functions (63.6%) were compiled, the rest were copied from previous compilation.
    206 functions were new in current compilation
    56 functions had inline decision re-evaluated but remain unchanged
  Fin de la génération du code
  Project3.vcxproj -> C:\Users\Nemukaito\source\repos\Project3\Release\Project3.exe
